<?xml version="1.0" encoding="UTF-8"?>
<testsuite xmlns:xsi="http://www.w3.org/2001/XMLSchema-instance" xsi:noNamespaceSchemaLocation="https://maven.apache.org/surefire/maven-surefire-plugin/xsd/surefire-test-report-3.0.xsd" version="3.0" name="com.google.zxing.oned.UPCABlackBox2TestCase" time="3.138" tests="1" errors="0" skipped="0" failures="0">
  <properties>
    <property name="java.specification.version" value="17"/>
    <property name="sun.cpu.isalist" value="amd64"/>
    <property name="sun.jnu.encoding" value="Cp1252"/>
    <property name="java.class.path" value="C:\PEDRO\3Ano Engenharia Informática\ES-LEI-2Sem-2022-Grupo-22\core\target\test-classes;C:\PEDRO\3Ano Engenharia Informática\ES-LEI-2Sem-2022-Grupo-22\core\target\classes;C:\Users\pedro\.m2\repository\junit\junit\4.13\junit-4.13.jar;C:\Users\pedro\.m2\repository\org\hamcrest\hamcrest-core\1.3\hamcrest-core-1.3.jar;"/>
    <property name="java.vm.vendor" value="Eclipse Adoptium"/>
    <property name="sun.arch.data.model" value="64"/>
    <property name="user.variant" value=""/>
    <property name="java.vendor.url" value="https://adoptium.net/"/>
    <property name="user.timezone" value="Europe/Lisbon"/>
    <property name="os.name" value="Windows 10"/>
    <property name="java.vm.specification.version" value="17"/>
    <property name="sun.java.launcher" value="SUN_STANDARD"/>
    <property name="user.country" value="PT"/>
    <property name="sun.boot.library.path" value="C:\Users\pedro\.p2\pool\plugins\org.eclipse.justj.openjdk.hotspot.jre.full.win32.x86_64_17.0.2.v20220201-1208\jre\bin"/>
    <property name="sun.java.command" value="C:\Users\pedro\AppData\Local\Temp\surefire17481881784758842725\surefirebooter4284699538270459237.jar C:\Users\pedro\AppData\Local\Temp\surefire17481881784758842725 2022-03-28T15-49-29_352-jvmRun8 surefire15110611143095706594tmp surefire_21772694920733287446tmp"/>
    <property name="jdk.debug" value="release"/>
    <property name="surefire.test.class.path" value="C:\PEDRO\3Ano Engenharia Informática\ES-LEI-2Sem-2022-Grupo-22\core\target\test-classes;C:\PEDRO\3Ano Engenharia Informática\ES-LEI-2Sem-2022-Grupo-22\core\target\classes;C:\Users\pedro\.m2\repository\junit\junit\4.13\junit-4.13.jar;C:\Users\pedro\.m2\repository\org\hamcrest\hamcrest-core\1.3\hamcrest-core-1.3.jar;"/>
    <property name="sun.cpu.endian" value="little"/>
    <property name="user.home" value="C:\Users\pedro"/>
    <property name="user.language" value="pt"/>
    <property name="java.specification.vendor" value="Oracle Corporation"/>
    <property name="java.version.date" value="2022-01-18"/>
    <property name="java.home" value="C:\Users\pedro\.p2\pool\plugins\org.eclipse.justj.openjdk.hotspot.jre.full.win32.x86_64_17.0.2.v20220201-1208\jre"/>
    <property name="file.separator" value="\"/>
    <property name="basedir" value="C:\PEDRO\3Ano Engenharia Informática\ES-LEI-2Sem-2022-Grupo-22\core"/>
    <property name="java.vm.compressedOopsMode" value="Zero based"/>
    <property name="line.separator" value="&#10;"/>
    <property name="java.vm.specification.vendor" value="Oracle Corporation"/>
    <property name="java.specification.name" value="Java Platform API Specification"/>
    <property name="java.awt.headless" value="true"/>
    <property name="surefire.real.class.path" value="C:\Users\pedro\AppData\Local\Temp\surefire17481881784758842725\surefirebooter4284699538270459237.jar"/>
    <property name="user.script" value=""/>
    <property name="sun.management.compiler" value="HotSpot 64-Bit Tiered Compilers"/>
    <property name="java.runtime.version" value="17.0.2+8"/>
    <property name="user.name" value="pedro"/>
    <property name="path.separator" value=";"/>
    <property name="os.version" value="10.0"/>
    <property name="java.runtime.name" value="OpenJDK Runtime Environment"/>
    <property name="file.encoding" value="Cp1252"/>
    <property name="java.vm.name" value="OpenJDK 64-Bit Server VM"/>
    <property name="java.vendor.version" value="Temurin-17.0.2+8"/>
    <property name="localRepository" value="C:\Users\pedro\.m2\repository"/>
    <property name="java.vendor.url.bug" value="https://github.com/adoptium/adoptium-support/issues"/>
    <property name="java.io.tmpdir" value="C:\Users\pedro\AppData\Local\Temp\"/>
    <property name="java.version" value="17.0.2"/>
    <property name="user.dir" value="C:\PEDRO\3Ano Engenharia Informática\ES-LEI-2Sem-2022-Grupo-22\core"/>
    <property name="os.arch" value="amd64"/>
    <property name="java.vm.specification.name" value="Java Virtual Machine Specification"/>
    <property name="java.util.logging.SimpleFormatter.format" value="%4$s: %5$s%6$s%n"/>
    <property name="sun.os.patch.level" value=""/>
    <property name="native.encoding" value="Cp1252"/>
    <property name="java.library.path" value="C:\Users\pedro\.p2\pool\plugins\org.eclipse.justj.openjdk.hotspot.jre.full.win32.x86_64_17.0.2.v20220201-1208\jre\bin;C:\Windows\Sun\Java\bin;C:\Windows\system32;C:\Windows;C:\Program Files\Common Files\Oracle\Java\javapath;C:\Windows\system32;C:\Windows;C:\Windows\System32\Wbem;C:\Windows\System32\WindowsPowerShell\v1.0\;C:\Windows\System32\OpenSSH\;C:\Program Files (x86)\NVIDIA Corporation\PhysX\Common;C:\Program Files\NVIDIA Corporation\NVIDIA NvDLISR;C:\Program Files\Git\cmd;C:\Program Files\Java\jdk-17.0.2\bin;C:\Users\pedro\AppData\Local\Programs\Python\Python310\Scripts\;C:\Users\pedro\AppData\Local\Programs\Python\Python310\;C:\Users\pedro\AppData\Local\Microsoft\WindowsApps;C:\Users\pedro\AppData\Local\Programs\Microsoft VS Code\bin;C:\Program Files\MongoDB\Server\5.0\bin;C:\Program Files\MongoDB\Tools\100\bin;C:\Users\pedro\AppData\Local\GitHubDesktop\bin;."/>
    <property name="java.vm.info" value="mixed mode"/>
    <property name="java.vendor" value="Eclipse Adoptium"/>
    <property name="java.vm.version" value="17.0.2+8"/>
    <property name="sun.io.unicode.encoding" value="UnicodeLittle"/>
    <property name="java.class.version" value="61.0"/>
  </properties>
  <testcase name="testBlackBox" classname="com.google.zxing.oned.UPCABlackBox2TestCase" time="3.135">
    <system-err><![CDATA[INFO: Starting src\test\resources\blackbox\upca-2\01.png
INFO: Format mismatch: expected 'UPC_A' but got 'EAN_8' (try harder, rotation: 0)
INFO: Format mismatch: expected 'UPC_A' but got 'EAN_8' (try harder, rotation: 180)
INFO: Starting src\test\resources\blackbox\upca-2\02.png
INFO: Starting src\test\resources\blackbox\upca-2\03.png
INFO: Starting src\test\resources\blackbox\upca-2\04.png
INFO: Starting src\test\resources\blackbox\upca-2\05.png
INFO: Starting src\test\resources\blackbox\upca-2\06.png
INFO: Format mismatch: expected 'UPC_A' but got 'EAN_8' (try harder, rotation: 0)
INFO: Format mismatch: expected 'UPC_A' but got 'EAN_8' (try harder, rotation: 180)
INFO: Starting src\test\resources\blackbox\upca-2\07.png
INFO: Starting src\test\resources\blackbox\upca-2\08.png
INFO: Starting src\test\resources\blackbox\upca-2\09.png
INFO: Starting src\test\resources\blackbox\upca-2\10.png
INFO: Starting src\test\resources\blackbox\upca-2\11.png
INFO: Starting src\test\resources\blackbox\upca-2\12.png
INFO: Starting src\test\resources\blackbox\upca-2\13.png
INFO: Starting src\test\resources\blackbox\upca-2\14.png
INFO: Starting src\test\resources\blackbox\upca-2\15.png
INFO: Starting src\test\resources\blackbox\upca-2\16.png
INFO: Starting src\test\resources\blackbox\upca-2\17.png
INFO: Starting src\test\resources\blackbox\upca-2\18.png
INFO: Starting src\test\resources\blackbox\upca-2\19.png
INFO: Starting src\test\resources\blackbox\upca-2\20.png
INFO: Starting src\test\resources\blackbox\upca-2\21.png
INFO: Starting src\test\resources\blackbox\upca-2\22.png
INFO: Starting src\test\resources\blackbox\upca-2\23.png
INFO: Starting src\test\resources\blackbox\upca-2\24.png
INFO: Starting src\test\resources\blackbox\upca-2\25.png
INFO: Starting src\test\resources\blackbox\upca-2\26.png
INFO: Starting src\test\resources\blackbox\upca-2\27.png
INFO: Starting src\test\resources\blackbox\upca-2\28.png
INFO: Starting src\test\resources\blackbox\upca-2\29.png
INFO: Starting src\test\resources\blackbox\upca-2\30.png
INFO: Starting src\test\resources\blackbox\upca-2\31.png
INFO: Starting src\test\resources\blackbox\upca-2\32.png
INFO: Starting src\test\resources\blackbox\upca-2\33.png
INFO: Starting src\test\resources\blackbox\upca-2\34.png
INFO: Starting src\test\resources\blackbox\upca-2\35.png
INFO: Starting src\test\resources\blackbox\upca-2\36.png
INFO: Starting src\test\resources\blackbox\upca-2\37.png
INFO: Starting src\test\resources\blackbox\upca-2\38.png
INFO: Starting src\test\resources\blackbox\upca-2\39.png
INFO: Starting src\test\resources\blackbox\upca-2\40.png
INFO: Starting src\test\resources\blackbox\upca-2\41.png
INFO: Starting src\test\resources\blackbox\upca-2\42.png
INFO: Starting src\test\resources\blackbox\upca-2\43.png
INFO: Starting src\test\resources\blackbox\upca-2\44.png
INFO: Starting src\test\resources\blackbox\upca-2\45.png
INFO: Starting src\test\resources\blackbox\upca-2\46.png
INFO: Starting src\test\resources\blackbox\upca-2\47.png
INFO: Starting src\test\resources\blackbox\upca-2\48.png
INFO: Starting src\test\resources\blackbox\upca-2\49.png
INFO: Starting src\test\resources\blackbox\upca-2\50.png
INFO: Starting src\test\resources\blackbox\upca-2\51.png
INFO: Starting src\test\resources\blackbox\upca-2\52.png
INFO: Rotation 0 degrees:
INFO:  28 of 52 images passed (28 required)
INFO:  0 failed due to misreads, 24 not detected
INFO:  36 of 52 images passed with try harder (36 required)
INFO:  2 failed due to misreads, 14 not detected
INFO: Rotation 180 degrees:
INFO:  29 of 52 images passed (29 required)
INFO:  0 failed due to misreads, 23 not detected
INFO:  36 of 52 images passed with try harder (36 required)
INFO:  2 failed due to misreads, 14 not detected
INFO: Decoded 129 images out of 208 (62%, 129 required)
]]></system-err>
  </testcase>
</testsuite>