<?xml version="1.0" encoding="UTF-8"?>
<testsuite xmlns:xsi="http://www.w3.org/2001/XMLSchema-instance" xsi:noNamespaceSchemaLocation="https://maven.apache.org/surefire/maven-surefire-plugin/xsd/surefire-test-report-3.0.xsd" version="3.0" name="com.google.zxing.negative.PartialBlackBoxTestCase" time="21.655" tests="1" errors="0" skipped="0" failures="0">
  <properties>
    <property name="java.specification.version" value="17"/>
    <property name="sun.cpu.isalist" value="amd64"/>
    <property name="sun.jnu.encoding" value="Cp1252"/>
    <property name="java.class.path" value="C:\PEDRO\3Ano Engenharia Informática\ES-LEI-2Sem-2022-Grupo-22\core\target\test-classes;C:\PEDRO\3Ano Engenharia Informática\ES-LEI-2Sem-2022-Grupo-22\core\target\classes;C:\Users\pedro\.m2\repository\junit\junit\4.13\junit-4.13.jar;C:\Users\pedro\.m2\repository\org\hamcrest\hamcrest-core\1.3\hamcrest-core-1.3.jar;"/>
    <property name="java.vm.vendor" value="Eclipse Adoptium"/>
    <property name="sun.arch.data.model" value="64"/>
    <property name="user.variant" value=""/>
    <property name="java.vendor.url" value="https://adoptium.net/"/>
    <property name="user.timezone" value="Europe/Lisbon"/>
    <property name="os.name" value="Windows 10"/>
    <property name="java.vm.specification.version" value="17"/>
    <property name="sun.java.launcher" value="SUN_STANDARD"/>
    <property name="user.country" value="PT"/>
    <property name="sun.boot.library.path" value="C:\Users\pedro\.p2\pool\plugins\org.eclipse.justj.openjdk.hotspot.jre.full.win32.x86_64_17.0.2.v20220201-1208\jre\bin"/>
    <property name="sun.java.command" value="C:\Users\pedro\AppData\Local\Temp\surefire17481881784758842725\surefirebooter4849109804135837631.jar C:\Users\pedro\AppData\Local\Temp\surefire17481881784758842725 2022-03-28T15-49-29_352-jvmRun6 surefire6963472797299145680tmp surefire_44155993272313646598tmp"/>
    <property name="jdk.debug" value="release"/>
    <property name="surefire.test.class.path" value="C:\PEDRO\3Ano Engenharia Informática\ES-LEI-2Sem-2022-Grupo-22\core\target\test-classes;C:\PEDRO\3Ano Engenharia Informática\ES-LEI-2Sem-2022-Grupo-22\core\target\classes;C:\Users\pedro\.m2\repository\junit\junit\4.13\junit-4.13.jar;C:\Users\pedro\.m2\repository\org\hamcrest\hamcrest-core\1.3\hamcrest-core-1.3.jar;"/>
    <property name="sun.cpu.endian" value="little"/>
    <property name="user.home" value="C:\Users\pedro"/>
    <property name="user.language" value="pt"/>
    <property name="java.specification.vendor" value="Oracle Corporation"/>
    <property name="java.version.date" value="2022-01-18"/>
    <property name="java.home" value="C:\Users\pedro\.p2\pool\plugins\org.eclipse.justj.openjdk.hotspot.jre.full.win32.x86_64_17.0.2.v20220201-1208\jre"/>
    <property name="file.separator" value="\"/>
    <property name="basedir" value="C:\PEDRO\3Ano Engenharia Informática\ES-LEI-2Sem-2022-Grupo-22\core"/>
    <property name="java.vm.compressedOopsMode" value="Zero based"/>
    <property name="line.separator" value="&#10;"/>
    <property name="java.vm.specification.vendor" value="Oracle Corporation"/>
    <property name="java.specification.name" value="Java Platform API Specification"/>
    <property name="java.awt.headless" value="true"/>
    <property name="surefire.real.class.path" value="C:\Users\pedro\AppData\Local\Temp\surefire17481881784758842725\surefirebooter4849109804135837631.jar"/>
    <property name="user.script" value=""/>
    <property name="sun.management.compiler" value="HotSpot 64-Bit Tiered Compilers"/>
    <property name="java.runtime.version" value="17.0.2+8"/>
    <property name="user.name" value="pedro"/>
    <property name="path.separator" value=";"/>
    <property name="os.version" value="10.0"/>
    <property name="java.runtime.name" value="OpenJDK Runtime Environment"/>
    <property name="file.encoding" value="Cp1252"/>
    <property name="java.vm.name" value="OpenJDK 64-Bit Server VM"/>
    <property name="java.vendor.version" value="Temurin-17.0.2+8"/>
    <property name="localRepository" value="C:\Users\pedro\.m2\repository"/>
    <property name="java.vendor.url.bug" value="https://github.com/adoptium/adoptium-support/issues"/>
    <property name="java.io.tmpdir" value="C:\Users\pedro\AppData\Local\Temp\"/>
    <property name="java.version" value="17.0.2"/>
    <property name="user.dir" value="C:\PEDRO\3Ano Engenharia Informática\ES-LEI-2Sem-2022-Grupo-22\core"/>
    <property name="os.arch" value="amd64"/>
    <property name="java.vm.specification.name" value="Java Virtual Machine Specification"/>
    <property name="java.util.logging.SimpleFormatter.format" value="%4$s: %5$s%6$s%n"/>
    <property name="sun.os.patch.level" value=""/>
    <property name="native.encoding" value="Cp1252"/>
    <property name="java.library.path" value="C:\Users\pedro\.p2\pool\plugins\org.eclipse.justj.openjdk.hotspot.jre.full.win32.x86_64_17.0.2.v20220201-1208\jre\bin;C:\Windows\Sun\Java\bin;C:\Windows\system32;C:\Windows;C:\Program Files\Common Files\Oracle\Java\javapath;C:\Windows\system32;C:\Windows;C:\Windows\System32\Wbem;C:\Windows\System32\WindowsPowerShell\v1.0\;C:\Windows\System32\OpenSSH\;C:\Program Files (x86)\NVIDIA Corporation\PhysX\Common;C:\Program Files\NVIDIA Corporation\NVIDIA NvDLISR;C:\Program Files\Git\cmd;C:\Program Files\Java\jdk-17.0.2\bin;C:\Users\pedro\AppData\Local\Programs\Python\Python310\Scripts\;C:\Users\pedro\AppData\Local\Programs\Python\Python310\;C:\Users\pedro\AppData\Local\Microsoft\WindowsApps;C:\Users\pedro\AppData\Local\Programs\Microsoft VS Code\bin;C:\Program Files\MongoDB\Server\5.0\bin;C:\Program Files\MongoDB\Tools\100\bin;C:\Users\pedro\AppData\Local\GitHubDesktop\bin;."/>
    <property name="java.vm.info" value="mixed mode"/>
    <property name="java.vendor" value="Eclipse Adoptium"/>
    <property name="java.vm.version" value="17.0.2+8"/>
    <property name="sun.io.unicode.encoding" value="UnicodeLittle"/>
    <property name="java.class.version" value="61.0"/>
  </properties>
  <testcase name="testBlackBox" classname="com.google.zxing.negative.PartialBlackBoxTestCase" time="21.619">
    <system-err><![CDATA[INFO: Starting src\test\resources\blackbox\partial\01.png
INFO: Starting src\test\resources\blackbox\partial\02.png
INFO: Starting src\test\resources\blackbox\partial\03.png
INFO: Starting src\test\resources\blackbox\partial\04.png
INFO: Starting src\test\resources\blackbox\partial\05.png
INFO: Starting src\test\resources\blackbox\partial\06.png
INFO: Starting src\test\resources\blackbox\partial\07.png
INFO: Starting src\test\resources\blackbox\partial\08.png
INFO: Starting src\test\resources\blackbox\partial\09.png
INFO: Starting src\test\resources\blackbox\partial\10.png
INFO: Starting src\test\resources\blackbox\partial\11.png
INFO: Starting src\test\resources\blackbox\partial\12.png
INFO: Starting src\test\resources\blackbox\partial\13.png
INFO: Starting src\test\resources\blackbox\partial\14.png
INFO: Starting src\test\resources\blackbox\partial\15.png
INFO: Starting src\test\resources\blackbox\partial\16.png
INFO: Starting src\test\resources\blackbox\partial\17.png
INFO: Starting src\test\resources\blackbox\partial\18.png
INFO: Starting src\test\resources\blackbox\partial\19.png
INFO: Starting src\test\resources\blackbox\partial\20.png
INFO: Starting src\test\resources\blackbox\partial\21.png
INFO: Starting src\test\resources\blackbox\partial\22.png
INFO: Starting src\test\resources\blackbox\partial\23.png
INFO: Starting src\test\resources\blackbox\partial\24.png
INFO: Starting src\test\resources\blackbox\partial\25.png
INFO: Starting src\test\resources\blackbox\partial\26.png
INFO: Starting src\test\resources\blackbox\partial\27.png
INFO: Starting src\test\resources\blackbox\partial\28.png
INFO: Starting src\test\resources\blackbox\partial\29.png
INFO: Starting src\test\resources\blackbox\partial\30.png
INFO: Starting src\test\resources\blackbox\partial\31.png
INFO: Starting src\test\resources\blackbox\partial\32.png
INFO: Starting src\test\resources\blackbox\partial\33.png
INFO: Try harder found false positive: '02751160' with format 'UPC_E' (rotation: 0)
INFO: Try harder found false positive: '02751160' with format 'UPC_E' (rotation: 90)
INFO: Try harder found false positive: '02751160' with format 'UPC_E' (rotation: 180)
INFO: Try harder found false positive: '02751160' with format 'UPC_E' (rotation: 270)
INFO: Starting src\test\resources\blackbox\partial\34.png
INFO: Starting src\test\resources\blackbox\partial\35.png
INFO: Starting src\test\resources\blackbox\partial\36.png
INFO: Starting src\test\resources\blackbox\partial\37.png
INFO: Starting src\test\resources\blackbox\partial\38.png
INFO: Starting src\test\resources\blackbox\partial\39.png
INFO: Starting src\test\resources\blackbox\partial\40.png
INFO: Starting src\test\resources\blackbox\partial\41.png
INFO: Starting src\test\resources\blackbox\partial\42.png
INFO: Starting src\test\resources\blackbox\partial\43.png
INFO: Starting src\test\resources\blackbox\partial\44.png
INFO: Starting src\test\resources\blackbox\partial\45.png
INFO: Starting src\test\resources\blackbox\partial\46.png
INFO: Starting src\test\resources\blackbox\partial\47.png
INFO: Starting src\test\resources\blackbox\partial\48.png
INFO: Starting src\test\resources\blackbox\partial\49.png
INFO: Starting src\test\resources\blackbox\partial\50.png
INFO: Starting src\test\resources\blackbox\partial\51.png
INFO: Starting src\test\resources\blackbox\partial\52.png
INFO: Starting src\test\resources\blackbox\partial\53.png
INFO: Starting src\test\resources\blackbox\partial\54.png
INFO: Starting src\test\resources\blackbox\partial\55.png
INFO: Starting src\test\resources\blackbox\partial\56.png
INFO: Starting src\test\resources\blackbox\partial\57.png
INFO: Starting src\test\resources\blackbox\partial\59.png
INFO: Starting src\test\resources\blackbox\partial\60.png
INFO: Starting src\test\resources\blackbox\partial\61.png
INFO: Rotation 0 degrees: 1 of 60 images were false positives (1 allowed)
INFO: Rotation 90 degrees: 1 of 60 images were false positives (1 allowed)
INFO: Rotation 180 degrees: 1 of 60 images were false positives (1 allowed)
INFO: Rotation 270 degrees: 1 of 60 images were false positives (1 allowed)
]]></system-err>
  </testcase>
</testsuite>